<?xml version="1.0" encoding="UTF-8"?>
<testng-results ignored="0" total="1" passed="1" failed="0" skipped="0">
  <reporter-output>
  </reporter-output>
  <suite started-at="2023-04-12T11:26:39 IST" name="Default suite" finished-at="2023-04-12T11:26:39 IST" duration-ms="198">
    <groups>
    </groups>
    <test started-at="2023-04-12T11:26:39 IST" name="Default test" finished-at="2023-04-12T11:26:39 IST" duration-ms="198">
      <class name="sample.Second">
        <test-method signature="secondTest()[pri:0, instance:sample.Second@4e91d63f]" started-at="2023-04-12T11:26:39 IST" name="secondTest" finished-at="2023-04-12T11:26:39 IST" duration-ms="25" status="PASS">
          <reporter-output>
          </reporter-output>
        </test-method> <!-- secondTest -->
      </class> <!-- sample.Second -->
    </test> <!-- Default test -->
  </suite> <!-- Default suite -->
</testng-results>
