<?xml version="1.0" encoding="UTF-8"?>
<testng-results ignored="0" total="1" passed="1" failed="0" skipped="0">
  <reporter-output>
  </reporter-output>
  <suite started-at="2023-04-12T11:34:07 IST" name="Default suite" finished-at="2023-04-12T11:34:07 IST" duration-ms="174">
    <groups>
    </groups>
    <test started-at="2023-04-12T11:34:07 IST" name="Default test" finished-at="2023-04-12T11:34:07 IST" duration-ms="174">
      <class name="sample.Demo">
        <test-method signature="demTest()[pri:0, instance:sample.Demo@4e91d63f]" started-at="2023-04-12T11:34:07 IST" name="demTest" finished-at="2023-04-12T11:34:07 IST" duration-ms="30" status="PASS">
          <reporter-output>
          </reporter-output>
        </test-method> <!-- demTest -->
      </class> <!-- sample.Demo -->
    </test> <!-- Default test -->
  </suite> <!-- Default suite -->
</testng-results>
